<?xml version="1.0" encoding="UTF-8"?>
<testsuite xmlns:xsi="http://www.w3.org/2001/XMLSchema-instance" xsi:noNamespaceSchemaLocation="https://maven.apache.org/surefire/maven-surefire-plugin/xsd/surefire-test-report.xsd" version="3.0.2" name="ventaTest" time="0.006" tests="2" errors="0" skipped="0" failures="0">
  <properties>
[...]
</properties>
  <testcase name="debeCalcularTotalConDescuento" classname="ventaTest" time="0.002">
    <system-out><![CDATA[Producto cargado: Vitamina C | stock: 50
Descuento creado: 20.0%
Monto: 50.0, descuento: 10.0, total: 40.0
Stock reducido de Vitamina C: 45
Venta procesada: 5 x 10.0 = 40.0
]]></system-out>
  </testcase>
  <testcase name="debeLanzarExcepcionSiNoHayStock" classname="ventaTest" time="0.001">
    <system-out><![CDATA[Producto cargado: Jarabe | stock: 2
Descuento creado: 10.0%
]]></system-out>
  </testcase>
</testsuite>